# JRE version: OpenJDK Runtime Environment Temurin-21.0.9+10 (21.0.9+10) (build 21.0.9+10-LTS)
# Java VM: OpenJDK 64-Bit Server VM Temurin-21.0.9+10 (21.0.9+10-LTS, mixed mode, sharing, tiered, compressed oops, compressed class ptrs, parallel gc, windows-amd64)
GC Precious Log:
 CardTable entry size: 512
 CPUs: 12 total, 12 available
 Memory: 16181M
 Large Page Support: Disabled
 NUMA Support: Disabled
 Compressed Oops: Enabled (32-bit)
 Alignments: Space 512K, Generation 512K, Heap 2M
 Heap Min Capacity: 100M
 Heap Initial Capacity: 100M
 Heap Max Capacity: 2G
 Pre-touch: Disabled
 Parallel Workers: 10
Heap:
 PSYoungGen      total 3072K, used 1512K [0x00000000d5580000, 0x00000000d5980000, 0x0000000100000000)
  eden space 2560K, 40% used [0x00000000d5580000,0x00000000d5680d50,0x00000000d5800000)
  from space 512K, 94% used [0x00000000d5880000,0x00000000d58f9330,0x00000000d5900000)
  to   space 512K, 0% used [0x00000000d5900000,0x00000000d5900000,0x00000000d5980000)
 ParOldGen       total 1012736K, used 970185K [0x0000000080000000, 0x00000000bdd00000, 0x00000000d5580000)
  object space 1012736K, 95% used [0x0000000080000000,0x00000000bb3727f0,0x00000000bdd00000)
 Metaspace       used 90126K, committed 91904K, reserved 1179648K
  class space    used 9163K, committed 9920K, reserved 1048576K
GC Heap History (20 events):
Event: 2998.952 GC heap before
{Heap before GC invocations=3377 (full 5):
 PSYoungGen      total 3584K, used 2960K [0x00000000d5580000, 0x00000000d5980000, 0x0000000100000000)
  eden space 2560K, 100% used [0x00000000d5580000,0x00000000d5800000,0x00000000d5800000)
  from space 1024K, 39% used [0x00000000d5800000,0x00000000d5864010,0x00000000d5900000)
  to   space 512K, 0% used [0x00000000d5900000,0x00000000d5900000,0x00000000d5980000)
 ParOldGen       total 1012736K, used 969226K [0x0000000080000000, 0x00000000bdd00000, 0x00000000d5580000)
  object space 1012736K, 95% used [0x0000000080000000,0x00000000bb2829c8,0x00000000bdd00000)
 Metaspace       used 89746K, committed 91520K, reserved 1179648K
  class space    used 9108K, committed 9856K, reserved 1048576K
}
Event: 2998.953 GC heap after
{Heap after GC invocations=3377 (full 5):
 PSYoungGen      total 3072K, used 368K [0x00000000d5580000, 0x00000000d5980000, 0x0000000100000000)
  eden space 2560K, 0% used [0x00000000d5580000,0x00000000d5580000,0x00000000d5800000)
  from space 512K, 71% used [0x00000000d5900000,0x00000000d595c010,0x00000000d5980000)
  to   space 512K, 0% used [0x00000000d5880000,0x00000000d5880000,0x00000000d5900000)
 ParOldGen       total 1012736K, used 969234K [0x0000000080000000, 0x00000000bdd00000, 0x00000000d5580000)
  object space 1012736K, 95% used [0x0000000080000000,0x00000000bb2849c8,0x00000000bdd00000)
 Metaspace       used 89746K, committed 91520K, reserved 1179648K
  class space    used 9108K, committed 9856K, reserved 1048576K
}
Event: 3023.582 GC heap before
{Heap before GC invocations=3378 (full 5):
 PSYoungGen      total 3072K, used 2928K [0x00000000d5580000, 0x00000000d5980000, 0x0000000100000000)
  eden space 2560K, 100% used [0x00000000d5580000,0x00000000d5800000,0x00000000d5800000)
  from space 512K, 71% used [0x00000000d5900000,0x00000000d595c010,0x00000000d5980000)
  to   space 512K, 0% used [0x00000000d5880000,0x00000000d5880000,0x00000000d5900000)
 ParOldGen       total 1012736K, used 969234K [0x0000000080000000, 0x00000000bdd00000, 0x00000000d5580000)
  object space 1012736K, 95% used [0x0000000080000000,0x00000000bb2849c8,0x00000000bdd00000)
 Metaspace       used 89747K, committed 91520K, reserved 1179648K
  class space    used 9108K, committed 9856K, reserved 1048576K
}
Event: 3023.583 GC heap after
{Heap after GC invocations=3378 (full 5):
 PSYoungGen      total 3072K, used 320K [0x00000000d5580000, 0x00000000d5980000, 0x0000000100000000)
  eden space 2560K, 0% used [0x00000000d5580000,0x00000000d5580000,0x00000000d5800000)
  from space 512K, 62% used [0x00000000d5880000,0x00000000d58d0000,0x00000000d5900000)
  to   space 512K, 0% used [0x00000000d5900000,0x00000000d5900000,0x00000000d5980000)
 ParOldGen       total 1012736K, used 969242K [0x0000000080000000, 0x00000000bdd00000, 0x00000000d5580000)
  object space 1012736K, 95% used [0x0000000080000000,0x00000000bb2869c8,0x00000000bdd00000)
 Metaspace       used 89747K, committed 91520K, reserved 1179648K
  class space    used 9108K, committed 9856K, reserved 1048576K
}
Event: 3032.509 GC heap before
{Heap before GC invocations=3379 (full 5):
 PSYoungGen      total 3072K, used 2880K [0x00000000d5580000, 0x00000000d5980000, 0x0000000100000000)
  eden space 2560K, 100% used [0x00000000d5580000,0x00000000d5800000,0x00000000d5800000)
  from space 512K, 62% used [0x00000000d5880000,0x00000000d58d0000,0x00000000d5900000)
  to   space 512K, 0% used [0x00000000d5900000,0x00000000d5900000,0x00000000d5980000)
 ParOldGen       total 1012736K, used 969242K [0x0000000080000000, 0x00000000bdd00000, 0x00000000d5580000)
  object space 1012736K, 95% used [0x0000000080000000,0x00000000bb2869c8,0x00000000bdd00000)
 Metaspace       used 89748K, committed 91520K, reserved 1179648K
  class space    used 9108K, committed 9856K, reserved 1048576K
}
Event: 3032.512 GC heap after
{Heap after GC invocations=3379 (full 5):
 PSYoungGen      total 3072K, used 288K [0x00000000d5580000, 0x00000000d5980000, 0x0000000100000000)
  eden space 2560K, 0% used [0x00000000d5580000,0x00000000d5580000,0x00000000d5800000)
  from space 512K, 56% used [0x00000000d5900000,0x00000000d5948000,0x00000000d5980000)
  to   space 512K, 0% used [0x00000000d5880000,0x00000000d5880000,0x00000000d5900000)
 ParOldGen       total 1012736K, used 969306K [0x0000000080000000, 0x00000000bdd00000, 0x00000000d5580000)
  object space 1012736K, 95% used [0x0000000080000000,0x00000000bb2969c8,0x00000000bdd00000)
 Metaspace       used 89748K, committed 91520K, reserved 1179648K
  class space    used 9108K, committed 9856K, reserved 1048576K
}
Event: 3035.621 GC heap before
{Heap before GC invocations=3380 (full 5):
 PSYoungGen      total 3072K, used 2848K [0x00000000d5580000, 0x00000000d5980000, 0x0000000100000000)
  eden space 2560K, 100% used [0x00000000d5580000,0x00000000d5800000,0x00000000d5800000)
  from space 512K, 56% used [0x00000000d5900000,0x00000000d5948000,0x00000000d5980000)
  to   space 512K, 0% used [0x00000000d5880000,0x00000000d5880000,0x00000000d5900000)
 ParOldGen       total 1012736K, used 969306K [0x0000000080000000, 0x00000000bdd00000, 0x00000000d5580000)
  object space 1012736K, 95% used [0x0000000080000000,0x00000000bb2969c8,0x00000000bdd00000)
 Metaspace       used 89761K, committed 91520K, reserved 1179648K
  class space    used 9108K, committed 9856K, reserved 1048576K
}
Event: 3035.623 GC heap after
{Heap after GC invocations=3380 (full 5):
 PSYoungGen      total 3072K, used 320K [0x00000000d5580000, 0x00000000d5980000, 0x0000000100000000)
  eden space 2560K, 0% used [0x00000000d5580000,0x00000000d5580000,0x00000000d5800000)
  from space 512K, 62% used [0x00000000d5880000,0x00000000d58d0000,0x00000000d5900000)
  to   space 512K, 0% used [0x00000000d5900000,0x00000000d5900000,0x00000000d5980000)
 ParOldGen       total 1012736K, used 969370K [0x0000000080000000, 0x00000000bdd00000, 0x00000000d5580000)
  object space 1012736K, 95% used [0x0000000080000000,0x00000000bb2a69c8,0x00000000bdd00000)
 Metaspace       used 89761K, committed 91520K, reserved 1179648K
  class space    used 9108K, committed 9856K, reserved 1048576K
}
Event: 3036.126 GC heap before
{Heap before GC invocations=3381 (full 5):
 PSYoungGen      total 3072K, used 2880K [0x00000000d5580000, 0x00000000d5980000, 0x0000000100000000)
  eden space 2560K, 100% used [0x00000000d5580000,0x00000000d5800000,0x00000000d5800000)
  from space 512K, 62% used [0x00000000d5880000,0x00000000d58d0000,0x00000000d5900000)
  to   space 512K, 0% used [0x00000000d5900000,0x00000000d5900000,0x00000000d5980000)
 ParOldGen       total 1012736K, used 969370K [0x0000000080000000, 0x00000000bdd00000, 0x00000000d5580000)
  object space 1012736K, 95% used [0x0000000080000000,0x00000000bb2a69c8,0x00000000bdd00000)
 Metaspace       used 89762K, committed 91520K, reserved 1179648K
  class space    used 9108K, committed 9856K, reserved 1048576K
}
Event: 3036.127 GC heap after
{Heap after GC invocations=3381 (full 5):
 PSYoungGen      total 3072K, used 320K [0x00000000d5580000, 0x00000000d5980000, 0x0000000100000000)
  eden space 2560K, 0% used [0x00000000d5580000,0x00000000d5580000,0x00000000d5800000)
  from space 512K, 62% used [0x00000000d5900000,0x00000000d5950000,0x00000000d5980000)
  to   space 512K, 0% used [0x00000000d5880000,0x00000000d5880000,0x00000000d5900000)
 ParOldGen       total 1012736K, used 969450K [0x0000000080000000, 0x00000000bdd00000, 0x00000000d5580000)
  object space 1012736K, 95% used [0x0000000080000000,0x00000000bb2ba9c8,0x00000000bdd00000)
 Metaspace       used 89762K, committed 91520K, reserved 1179648K
  class space    used 9108K, committed 9856K, reserved 1048576K
}
Event: 3036.410 GC heap before
{Heap before GC invocations=3382 (full 5):
 PSYoungGen      total 3072K, used 2877K [0x00000000d5580000, 0x00000000d5980000, 0x0000000100000000)
  eden space 2560K, 99% used [0x00000000d5580000,0x00000000d57ff438,0x00000000d5800000)
  from space 512K, 62% used [0x00000000d5900000,0x00000000d5950000,0x00000000d5980000)
  to   space 512K, 0% used [0x00000000d5880000,0x00000000d5880000,0x00000000d5900000)
 ParOldGen       total 1012736K, used 969450K [0x0000000080000000, 0x00000000bdd00000, 0x00000000d5580000)
  object space 1012736K, 95% used [0x0000000080000000,0x00000000bb2ba9c8,0x00000000bdd00000)
 Metaspace       used 89762K, committed 91520K, reserved 1179648K
  class space    used 9108K, committed 9856K, reserved 1048576K
}
Event: 3036.413 GC heap after
{Heap after GC invocations=3382 (full 5):
 PSYoungGen      total 3072K, used 512K [0x00000000d5580000, 0x00000000d5a00000, 0x0000000100000000)
  eden space 2560K, 0% used [0x00000000d5580000,0x00000000d5580000,0x00000000d5800000)
  from space 512K, 100% used [0x00000000d5880000,0x00000000d5900000,0x00000000d5900000)
  to   space 1024K, 0% used [0x00000000d5900000,0x00000000d5900000,0x00000000d5a00000)
 ParOldGen       total 1012736K, used 969522K [0x0000000080000000, 0x00000000bdd00000, 0x00000000d5580000)
  object space 1012736K, 95% used [0x0000000080000000,0x00000000bb2cc9c8,0x00000000bdd00000)
 Metaspace       used 89762K, committed 91520K, reserved 1179648K
  class space    used 9108K, committed 9856K, reserved 1048576K
}
Event: 3036.420 GC heap before
{Heap before GC invocations=3383 (full 5):
 PSYoungGen      total 3072K, used 3072K [0x00000000d5580000, 0x00000000d5a00000, 0x0000000100000000)
  eden space 2560K, 100% used [0x00000000d5580000,0x00000000d5800000,0x00000000d5800000)
  from space 512K, 100% used [0x00000000d5880000,0x00000000d5900000,0x00000000d5900000)
  to   space 1024K, 0% used [0x00000000d5900000,0x00000000d5900000,0x00000000d5a00000)
 ParOldGen       total 1012736K, used 969522K [0x0000000080000000, 0x00000000bdd00000, 0x00000000d5580000)
  object space 1012736K, 95% used [0x0000000080000000,0x00000000bb2cc9c8,0x00000000bdd00000)
 Metaspace       used 89762K, committed 91520K, reserved 1179648K
  class space    used 9108K, committed 9856K, reserved 1048576K
}
Event: 3036.421 GC heap after
{Heap after GC invocations=3383 (full 5):
 PSYoungGen      total 3072K, used 448K [0x00000000d5580000, 0x00000000d5980000, 0x0000000100000000)
  eden space 2560K, 0% used [0x00000000d5580000,0x00000000d5580000,0x00000000d5800000)
  from space 512K, 87% used [0x00000000d5900000,0x00000000d5970000,0x00000000d5980000)
  to   space 512K, 0% used [0x00000000d5880000,0x00000000d5880000,0x00000000d5900000)
 ParOldGen       total 1012736K, used 969991K [0x0000000080000000, 0x00000000bdd00000, 0x00000000d5580000)
  object space 1012736K, 95% used [0x0000000080000000,0x00000000bb341e58,0x00000000bdd00000)
 Metaspace       used 89762K, committed 91520K, reserved 1179648K
  class space    used 9108K, committed 9856K, reserved 1048576K
}
Event: 3036.581 GC heap before
{Heap before GC invocations=3384 (full 5):
 PSYoungGen      total 3072K, used 3008K [0x00000000d5580000, 0x00000000d5980000, 0x0000000100000000)
  eden space 2560K, 100% used [0x00000000d5580000,0x00000000d5800000,0x00000000d5800000)
  from space 512K, 87% used [0x00000000d5900000,0x00000000d5970000,0x00000000d5980000)
  to   space 512K, 0% used [0x00000000d5880000,0x00000000d5880000,0x00000000d5900000)
 ParOldGen       total 1012736K, used 969991K [0x0000000080000000, 0x00000000bdd00000, 0x00000000d5580000)
  object space 1012736K, 95% used [0x0000000080000000,0x00000000bb341e58,0x00000000bdd00000)
 Metaspace       used 89762K, committed 91520K, reserved 1179648K
  class space    used 9108K, committed 9856K, reserved 1048576K
}
Event: 3036.583 GC heap after
{Heap after GC invocations=3384 (full 5):
 PSYoungGen      total 3072K, used 352K [0x00000000d5580000, 0x00000000d5980000, 0x0000000100000000)
  eden space 2560K, 0% used [0x00000000d5580000,0x00000000d5580000,0x00000000d5800000)
  from space 512K, 68% used [0x00000000d5880000,0x00000000d58d8000,0x00000000d5900000)
  to   space 512K, 0% used [0x00000000d5900000,0x00000000d5900000,0x00000000d5980000)
 ParOldGen       total 1012736K, used 970007K [0x0000000080000000, 0x00000000bdd00000, 0x00000000d5580000)
  object space 1012736K, 95% used [0x0000000080000000,0x00000000bb345e58,0x00000000bdd00000)
 Metaspace       used 89762K, committed 91520K, reserved 1179648K
  class space    used 9108K, committed 9856K, reserved 1048576K
}
Event: 3094.349 GC heap before
{Heap before GC invocations=3385 (full 5):
 PSYoungGen      total 3072K, used 2912K [0x00000000d5580000, 0x00000000d5980000, 0x0000000100000000)
  eden space 2560K, 100% used [0x00000000d5580000,0x00000000d5800000,0x00000000d5800000)
  from space 512K, 68% used [0x00000000d5880000,0x00000000d58d8000,0x00000000d5900000)
  to   space 512K, 0% used [0x00000000d5900000,0x00000000d5900000,0x00000000d5980000)
 ParOldGen       total 1012736K, used 970007K [0x0000000080000000, 0x00000000bdd00000, 0x00000000d5580000)
  object space 1012736K, 95% used [0x0000000080000000,0x00000000bb345e58,0x00000000bdd00000)
 Metaspace       used 89843K, committed 91648K, reserved 1179648K
  class space    used 9121K, committed 9856K, reserved 1048576K
}
Event: 3094.350 GC heap after
{Heap after GC invocations=3385 (full 5):
 PSYoungGen      total 3072K, used 352K [0x00000000d5580000, 0x00000000d5980000, 0x0000000100000000)
  eden space 2560K, 0% used [0x00000000d5580000,0x00000000d5580000,0x00000000d5800000)
  from space 512K, 68% used [0x00000000d5900000,0x00000000d5958000,0x00000000d5980000)
  to   space 512K, 0% used [0x00000000d5880000,0x00000000d5880000,0x00000000d5900000)
 ParOldGen       total 1012736K, used 970023K [0x0000000080000000, 0x00000000bdd00000, 0x00000000d5580000)
  object space 1012736K, 95% used [0x0000000080000000,0x00000000bb349e58,0x00000000bdd00000)
 Metaspace       used 89843K, committed 91648K, reserved 1179648K
  class space    used 9121K, committed 9856K, reserved 1048576K
}
Event: 3098.018 GC heap before
{Heap before GC invocations=3386 (full 5):
 PSYoungGen      total 3072K, used 2912K [0x00000000d5580000, 0x00000000d5980000, 0x0000000100000000)
  eden space 2560K, 100% used [0x00000000d5580000,0x00000000d5800000,0x00000000d5800000)
  from space 512K, 68% used [0x00000000d5900000,0x00000000d5958000,0x00000000d5980000)
  to   space 512K, 0% used [0x00000000d5880000,0x00000000d5880000,0x00000000d5900000)
 ParOldGen       total 1012736K, used 970023K [0x0000000080000000, 0x00000000bdd00000, 0x00000000d5580000)
  object space 1012736K, 95% used [0x0000000080000000,0x00000000bb349e58,0x00000000bdd00000)
 Metaspace       used 90010K, committed 91776K, reserved 1179648K
  class space    used 9148K, committed 9856K, reserved 1048576K
}
Event: 3098.019 GC heap after
{Heap after GC invocations=3386 (full 5):
 PSYoungGen      total 3072K, used 484K [0x00000000d5580000, 0x00000000d5980000, 0x0000000100000000)
  eden space 2560K, 0% used [0x00000000d5580000,0x00000000d5580000,0x00000000d5800000)
  from space 512K, 94% used [0x00000000d5880000,0x00000000d58f9330,0x00000000d5900000)
  to   space 512K, 0% used [0x00000000d5900000,0x00000000d5900000,0x00000000d5980000)
 ParOldGen       total 1012736K, used 970185K [0x0000000080000000, 0x00000000bdd00000, 0x00000000d5580000)
  object space 1012736K, 95% used [0x0000000080000000,0x00000000bb3727f0,0x00000000bdd00000)
 Metaspace       used 90010K, committed 91776K, reserved 1179648K
  class space    used 9148K, committed 9856K, reserved 1048576K
}

