# JRE version: OpenJDK Runtime Environment Temurin-21.0.9+10 (21.0.9+10) (build 21.0.9+10-LTS)
# Java VM: OpenJDK 64-Bit Server VM Temurin-21.0.9+10 (21.0.9+10-LTS, mixed mode, sharing, tiered, compressed oops, compressed class ptrs, parallel gc, windows-amd64)
GC Precious Log:
 CardTable entry size: 512
 CPUs: 12 total, 12 available
 Memory: 16181M
 Large Page Support: Disabled
 NUMA Support: Disabled
 Compressed Oops: Enabled (32-bit)
 Alignments: Space 512K, Generation 512K, Heap 2M
 Heap Min Capacity: 100M
 Heap Initial Capacity: 100M
 Heap Max Capacity: 2G
 Pre-touch: Disabled
 Parallel Workers: 10
Heap:
 PSYoungGen      total 11264K, used 1554K [0x00000000d5580000, 0x00000000d6500000, 0x0000000100000000)
  eden space 10752K, 9% used [0x00000000d5580000,0x00000000d5684990,0x00000000d6000000)
  from space 512K, 100% used [0x00000000d6480000,0x00000000d6500000,0x00000000d6500000)
  to   space 1024K, 0% used [0x00000000d6300000,0x00000000d6300000,0x00000000d6400000)
 ParOldGen       total 484352K, used 483956K [0x0000000080000000, 0x000000009d900000, 0x00000000d5580000)
  object space 484352K, 99% used [0x0000000080000000,0x000000009d89d0e0,0x000000009d900000)
 Metaspace       used 69645K, committed 71040K, reserved 1114112K
  class space    used 7511K, committed 8128K, reserved 1048576K
GC Heap History (20 events):
Event: 8.876 GC heap before
{Heap before GC invocations=233 (full 3):
 PSYoungGen      total 10752K, used 9867K [0x00000000d5580000, 0x00000000d6580000, 0x0000000100000000)
  eden space 5632K, 100% used [0x00000000d5580000,0x00000000d5b00000,0x00000000d5b00000)
  from space 5120K, 82% used [0x00000000d5b00000,0x00000000d5f22f88,0x00000000d6000000)
  to   space 4608K, 0% used [0x00000000d6100000,0x00000000d6100000,0x00000000d6580000)
 ParOldGen       total 460288K, used 460115K [0x0000000080000000, 0x000000009c180000, 0x00000000d5580000)
  object space 460288K, 99% used [0x0000000080000000,0x000000009c154f50,0x000000009c180000)
 Metaspace       used 66707K, committed 68288K, reserved 1114112K
  class space    used 7280K, committed 7936K, reserved 1048576K
}
Event: 8.879 GC heap after
{Heap after GC invocations=233 (full 3):
 PSYoungGen      total 11264K, used 3968K [0x00000000d5580000, 0x00000000d6500000, 0x0000000100000000)
  eden space 7168K, 0% used [0x00000000d5580000,0x00000000d5580000,0x00000000d5c80000)
  from space 4096K, 96% used [0x00000000d6100000,0x00000000d64e0000,0x00000000d6500000)
  to   space 4096K, 0% used [0x00000000d5d00000,0x00000000d5d00000,0x00000000d6100000)
 ParOldGen       total 464384K, used 464035K [0x0000000080000000, 0x000000009c580000, 0x00000000d5580000)
  object space 464384K, 99% used [0x0000000080000000,0x000000009c528f50,0x000000009c580000)
 Metaspace       used 66707K, committed 68288K, reserved 1114112K
  class space    used 7280K, committed 7936K, reserved 1048576K
}
Event: 8.888 GC heap before
{Heap before GC invocations=234 (full 3):
 PSYoungGen      total 11264K, used 11136K [0x00000000d5580000, 0x00000000d6500000, 0x0000000100000000)
  eden space 7168K, 100% used [0x00000000d5580000,0x00000000d5c80000,0x00000000d5c80000)
  from space 4096K, 96% used [0x00000000d6100000,0x00000000d64e0000,0x00000000d6500000)
  to   space 4096K, 0% used [0x00000000d5d00000,0x00000000d5d00000,0x00000000d6100000)
 ParOldGen       total 464384K, used 464035K [0x0000000080000000, 0x000000009c580000, 0x00000000d5580000)
  object space 464384K, 99% used [0x0000000080000000,0x000000009c528f50,0x000000009c580000)
 Metaspace       used 66863K, committed 68416K, reserved 1114112K
  class space    used 7286K, committed 7936K, reserved 1048576K
}
Event: 8.891 GC heap after
{Heap after GC invocations=234 (full 3):
 PSYoungGen      total 11776K, used 4096K [0x00000000d5580000, 0x00000000d7100000, 0x0000000100000000)
  eden space 7680K, 0% used [0x00000000d5580000,0x00000000d5580000,0x00000000d5d00000)
  from space 4096K, 100% used [0x00000000d5d00000,0x00000000d6100000,0x00000000d6100000)
  to   space 9728K, 0% used [0x00000000d6780000,0x00000000d6780000,0x00000000d7100000)
 ParOldGen       total 468992K, used 468555K [0x0000000080000000, 0x000000009ca00000, 0x00000000d5580000)
  object space 468992K, 99% used [0x0000000080000000,0x000000009c992f50,0x000000009ca00000)
 Metaspace       used 66863K, committed 68416K, reserved 1114112K
  class space    used 7286K, committed 7936K, reserved 1048576K
}
Event: 8.900 GC heap before
{Heap before GC invocations=235 (full 3):
 PSYoungGen      total 11776K, used 11776K [0x00000000d5580000, 0x00000000d7100000, 0x0000000100000000)
  eden space 7680K, 100% used [0x00000000d5580000,0x00000000d5d00000,0x00000000d5d00000)
  from space 4096K, 100% used [0x00000000d5d00000,0x00000000d6100000,0x00000000d6100000)
  to   space 9728K, 0% used [0x00000000d6780000,0x00000000d6780000,0x00000000d7100000)
 ParOldGen       total 468992K, used 468555K [0x0000000080000000, 0x000000009ca00000, 0x00000000d5580000)
  object space 468992K, 99% used [0x0000000080000000,0x000000009c992f50,0x000000009ca00000)
 Metaspace       used 67001K, committed 68608K, reserved 1114112K
  class space    used 7298K, committed 8000K, reserved 1048576K
}
Event: 8.903 GC heap after
{Heap after GC invocations=235 (full 3):
 PSYoungGen      total 14848K, used 5152K [0x00000000d5580000, 0x00000000d6d00000, 0x0000000100000000)
  eden space 9216K, 0% used [0x00000000d5580000,0x00000000d5580000,0x00000000d5e80000)
  from space 5632K, 91% used [0x00000000d6780000,0x00000000d6c88000,0x00000000d6d00000)
  to   space 6656K, 0% used [0x00000000d6000000,0x00000000d6000000,0x00000000d6680000)
 ParOldGen       total 473088K, used 472659K [0x0000000080000000, 0x000000009ce00000, 0x00000000d5580000)
  object space 473088K, 99% used [0x0000000080000000,0x000000009cd94f50,0x000000009ce00000)
 Metaspace       used 67001K, committed 68608K, reserved 1114112K
  class space    used 7298K, committed 8000K, reserved 1048576K
}
Event: 8.928 GC heap before
{Heap before GC invocations=236 (full 3):
 PSYoungGen      total 14848K, used 14363K [0x00000000d5580000, 0x00000000d6d00000, 0x0000000100000000)
  eden space 9216K, 99% used [0x00000000d5580000,0x00000000d5e7ee90,0x00000000d5e80000)
  from space 5632K, 91% used [0x00000000d6780000,0x00000000d6c88000,0x00000000d6d00000)
  to   space 6656K, 0% used [0x00000000d6000000,0x00000000d6000000,0x00000000d6680000)
 ParOldGen       total 473088K, used 472659K [0x0000000080000000, 0x000000009ce00000, 0x00000000d5580000)
  object space 473088K, 99% used [0x0000000080000000,0x000000009cd94f50,0x000000009ce00000)
 Metaspace       used 67426K, committed 68992K, reserved 1114112K
  class space    used 7342K, committed 8000K, reserved 1048576K
}
Event: 8.932 GC heap after
{Heap after GC invocations=236 (full 3):
 PSYoungGen      total 15872K, used 5024K [0x00000000d5580000, 0x00000000d6b80000, 0x0000000100000000)
  eden space 10752K, 0% used [0x00000000d5580000,0x00000000d5580000,0x00000000d6000000)
  from space 5120K, 98% used [0x00000000d6000000,0x00000000d64e8000,0x00000000d6500000)
  to   space 5632K, 0% used [0x00000000d6600000,0x00000000d6600000,0x00000000d6b80000)
 ParOldGen       total 477696K, used 477659K [0x0000000080000000, 0x000000009d280000, 0x00000000d5580000)
  object space 477696K, 99% used [0x0000000080000000,0x000000009d276f50,0x000000009d280000)
 Metaspace       used 67426K, committed 68992K, reserved 1114112K
  class space    used 7342K, committed 8000K, reserved 1048576K
}
Event: 9.686 GC heap before
{Heap before GC invocations=237 (full 3):
 PSYoungGen      total 15872K, used 15776K [0x00000000d5580000, 0x00000000d6b80000, 0x0000000100000000)
  eden space 10752K, 100% used [0x00000000d5580000,0x00000000d6000000,0x00000000d6000000)
  from space 5120K, 98% used [0x00000000d6000000,0x00000000d64e8000,0x00000000d6500000)
  to   space 5632K, 0% used [0x00000000d6600000,0x00000000d6600000,0x00000000d6b80000)
 ParOldGen       total 477696K, used 477659K [0x0000000080000000, 0x000000009d280000, 0x00000000d5580000)
  object space 477696K, 99% used [0x0000000080000000,0x000000009d276f50,0x000000009d280000)
 Metaspace       used 67939K, committed 69440K, reserved 1114112K
  class space    used 7403K, committed 8064K, reserved 1048576K
}
Event: 9.689 GC heap after
{Heap after GC invocations=237 (full 3):
 PSYoungGen      total 11776K, used 608K [0x00000000d5580000, 0x00000000d6700000, 0x0000000100000000)
  eden space 10752K, 0% used [0x00000000d5580000,0x00000000d5580000,0x00000000d6000000)
  from space 1024K, 59% used [0x00000000d6600000,0x00000000d6698000,0x00000000d6700000)
  to   space 2560K, 0% used [0x00000000d6200000,0x00000000d6200000,0x00000000d6480000)
 ParOldGen       total 482816K, used 482595K [0x0000000080000000, 0x000000009d780000, 0x00000000d5580000)
  object space 482816K, 99% used [0x0000000080000000,0x000000009d748f50,0x000000009d780000)
 Metaspace       used 67939K, committed 69440K, reserved 1114112K
  class space    used 7403K, committed 8064K, reserved 1048576K
}
Event: 19.735 GC heap before
{Heap before GC invocations=238 (full 3):
 PSYoungGen      total 11776K, used 11359K [0x00000000d5580000, 0x00000000d6700000, 0x0000000100000000)
  eden space 10752K, 99% used [0x00000000d5580000,0x00000000d5fffff0,0x00000000d6000000)
  from space 1024K, 59% used [0x00000000d6600000,0x00000000d6698000,0x00000000d6700000)
  to   space 2560K, 0% used [0x00000000d6200000,0x00000000d6200000,0x00000000d6480000)
 ParOldGen       total 482816K, used 482595K [0x0000000080000000, 0x000000009d780000, 0x00000000d5580000)
  object space 482816K, 99% used [0x0000000080000000,0x000000009d748f50,0x000000009d780000)
 Metaspace       used 68524K, committed 70080K, reserved 1114112K
  class space    used 7454K, committed 8128K, reserved 1048576K
}
Event: 19.737 GC heap after
{Heap after GC invocations=238 (full 3):
 PSYoungGen      total 13312K, used 1008K [0x00000000d5580000, 0x00000000d6680000, 0x0000000100000000)
  eden space 10752K, 0% used [0x00000000d5580000,0x00000000d5580000,0x00000000d6000000)
  from space 2560K, 39% used [0x00000000d6200000,0x00000000d62fc030,0x00000000d6480000)
  to   space 1536K, 0% used [0x00000000d6500000,0x00000000d6500000,0x00000000d6680000)
 ParOldGen       total 483328K, used 482995K [0x0000000080000000, 0x000000009d800000, 0x00000000d5580000)
  object space 483328K, 99% used [0x0000000080000000,0x000000009d7acf50,0x000000009d800000)
 Metaspace       used 68524K, committed 70080K, reserved 1114112K
  class space    used 7454K, committed 8128K, reserved 1048576K
}
Event: 20.299 GC heap before
{Heap before GC invocations=239 (full 3):
 PSYoungGen      total 13312K, used 11760K [0x00000000d5580000, 0x00000000d6680000, 0x0000000100000000)
  eden space 10752K, 100% used [0x00000000d5580000,0x00000000d6000000,0x00000000d6000000)
  from space 2560K, 39% used [0x00000000d6200000,0x00000000d62fc030,0x00000000d6480000)
  to   space 1536K, 0% used [0x00000000d6500000,0x00000000d6500000,0x00000000d6680000)
 ParOldGen       total 483328K, used 482995K [0x0000000080000000, 0x000000009d800000, 0x00000000d5580000)
  object space 483328K, 99% used [0x0000000080000000,0x000000009d7acf50,0x000000009d800000)
 Metaspace       used 68940K, committed 70400K, reserved 1114112K
  class space    used 7493K, committed 8128K, reserved 1048576K
}
Event: 20.300 GC heap after
{Heap after GC invocations=239 (full 3):
 PSYoungGen      total 12288K, used 1200K [0x00000000d5580000, 0x00000000d6680000, 0x0000000100000000)
  eden space 10752K, 0% used [0x00000000d5580000,0x00000000d5580000,0x00000000d6000000)
  from space 1536K, 78% used [0x00000000d6500000,0x00000000d662c030,0x00000000d6680000)
  to   space 1536K, 0% used [0x00000000d6380000,0x00000000d6380000,0x00000000d6500000)
 ParOldGen       total 483328K, used 483203K [0x0000000080000000, 0x000000009d800000, 0x00000000d5580000)
  object space 483328K, 99% used [0x0000000080000000,0x000000009d7e0f70,0x000000009d800000)
 Metaspace       used 68940K, committed 70400K, reserved 1114112K
  class space    used 7493K, committed 8128K, reserved 1048576K
}
Event: 20.986 GC heap before
{Heap before GC invocations=240 (full 3):
 PSYoungGen      total 12288K, used 11952K [0x00000000d5580000, 0x00000000d6680000, 0x0000000100000000)
  eden space 10752K, 100% used [0x00000000d5580000,0x00000000d6000000,0x00000000d6000000)
  from space 1536K, 78% used [0x00000000d6500000,0x00000000d662c030,0x00000000d6680000)
  to   space 1536K, 0% used [0x00000000d6380000,0x00000000d6380000,0x00000000d6500000)
 ParOldGen       total 483328K, used 483203K [0x0000000080000000, 0x000000009d800000, 0x00000000d5580000)
  object space 483328K, 99% used [0x0000000080000000,0x000000009d7e0f70,0x000000009d800000)
 Metaspace       used 69125K, committed 70528K, reserved 1114112K
  class space    used 7503K, committed 8128K, reserved 1048576K
}
Event: 20.989 GC heap after
{Heap after GC invocations=240 (full 3):
 PSYoungGen      total 11776K, used 816K [0x00000000d5580000, 0x00000000d6580000, 0x0000000100000000)
  eden space 10752K, 0% used [0x00000000d5580000,0x00000000d5580000,0x00000000d6000000)
  from space 1024K, 79% used [0x00000000d6380000,0x00000000d644c010,0x00000000d6480000)
  to   space 1024K, 0% used [0x00000000d6480000,0x00000000d6480000,0x00000000d6580000)
 ParOldGen       total 483840K, used 483427K [0x0000000080000000, 0x000000009d880000, 0x00000000d5580000)
  object space 483840K, 99% used [0x0000000080000000,0x000000009d818f90,0x000000009d880000)
 Metaspace       used 69125K, committed 70528K, reserved 1114112K
  class space    used 7503K, committed 8128K, reserved 1048576K
}
Event: 22.106 GC heap before
{Heap before GC invocations=241 (full 3):
 PSYoungGen      total 11776K, used 11568K [0x00000000d5580000, 0x00000000d6580000, 0x0000000100000000)
  eden space 10752K, 100% used [0x00000000d5580000,0x00000000d6000000,0x00000000d6000000)
  from space 1024K, 79% used [0x00000000d6380000,0x00000000d644c010,0x00000000d6480000)
  to   space 1024K, 0% used [0x00000000d6480000,0x00000000d6480000,0x00000000d6580000)
 ParOldGen       total 483840K, used 483427K [0x0000000080000000, 0x000000009d880000, 0x00000000d5580000)
  object space 483840K, 99% used [0x0000000080000000,0x000000009d818f90,0x000000009d880000)
 Metaspace       used 69362K, committed 70848K, reserved 1114112K
  class space    used 7507K, committed 8128K, reserved 1048576K
}
Event: 22.107 GC heap after
{Heap after GC invocations=241 (full 3):
 PSYoungGen      total 11776K, used 864K [0x00000000d5580000, 0x00000000d6580000, 0x0000000100000000)
  eden space 10752K, 0% used [0x00000000d5580000,0x00000000d5580000,0x00000000d6000000)
  from space 1024K, 84% used [0x00000000d6480000,0x00000000d6558020,0x00000000d6580000)
  to   space 1024K, 0% used [0x00000000d6380000,0x00000000d6380000,0x00000000d6480000)
 ParOldGen       total 483840K, used 483801K [0x0000000080000000, 0x000000009d880000, 0x00000000d5580000)
  object space 483840K, 99% used [0x0000000080000000,0x000000009d876410,0x000000009d880000)
 Metaspace       used 69362K, committed 70848K, reserved 1114112K
  class space    used 7507K, committed 8128K, reserved 1048576K
}
Event: 22.848 GC heap before
{Heap before GC invocations=242 (full 3):
 PSYoungGen      total 11776K, used 11616K [0x00000000d5580000, 0x00000000d6580000, 0x0000000100000000)
  eden space 10752K, 100% used [0x00000000d5580000,0x00000000d6000000,0x00000000d6000000)
  from space 1024K, 84% used [0x00000000d6480000,0x00000000d6558020,0x00000000d6580000)
  to   space 1024K, 0% used [0x00000000d6380000,0x00000000d6380000,0x00000000d6480000)
 ParOldGen       total 483840K, used 483801K [0x0000000080000000, 0x000000009d880000, 0x00000000d5580000)
  object space 483840K, 99% used [0x0000000080000000,0x000000009d876410,0x000000009d880000)
 Metaspace       used 69484K, committed 70912K, reserved 1114112K
  class space    used 7507K, committed 8128K, reserved 1048576K
}
Event: 22.850 GC heap after
{Heap after GC invocations=242 (full 3):
 PSYoungGen      total 11776K, used 624K [0x00000000d5580000, 0x00000000d6500000, 0x0000000100000000)
  eden space 10752K, 0% used [0x00000000d5580000,0x00000000d5580000,0x00000000d6000000)
  from space 1024K, 60% used [0x00000000d6380000,0x00000000d641c010,0x00000000d6480000)
  to   space 512K, 0% used [0x00000000d6480000,0x00000000d6480000,0x00000000d6500000)
 ParOldGen       total 484352K, used 483881K [0x0000000080000000, 0x000000009d900000, 0x00000000d5580000)
  object space 484352K, 99% used [0x0000000080000000,0x000000009d88a410,0x000000009d900000)
 Metaspace       used 69484K, committed 70912K, reserved 1114112K
  class space    used 7507K, committed 8128K, reserved 1048576K
}

